<?xml version="1.0" encoding="UTF-8"?>
<coverage generated="1772505417921" clover="3.2.0">
  <project timestamp="1772505417921" name="All files">
    <metrics statements="12" coveredstatements="12" conditionals="6" coveredconditionals="6" methods="6" coveredmethods="6" elements="24" coveredelements="24" complexity="0" loc="12" ncloc="12" packages="3" files="3" classes="3"/>
    <package name="button">
      <metrics statements="4" coveredstatements="4" conditionals="4" coveredconditionals="4" methods="1" coveredmethods="1"/>
      <file name="button.tsx" path="/Users/iangreenough/Desktop/code/personal/react-storybook-component-demos/src/components/button/button.tsx">
        <metrics statements="4" coveredstatements="4" conditionals="4" coveredconditionals="4" methods="1" coveredmethods="1"/>
        <line num="20" count="3" type="stmt"/>
        <line num="33" count="54" type="stmt"/>
        <line num="34" count="54" type="stmt"/>
        <line num="43" count="54" type="stmt"/>
      </file>
    </package>
    <package name="header">
      <metrics statements="2" coveredstatements="2" conditionals="2" coveredconditionals="2" methods="1" coveredmethods="1"/>
      <file name="header.tsx" path="/Users/iangreenough/Desktop/code/personal/react-storybook-component-demos/src/components/header/header.tsx">
        <metrics statements="2" coveredstatements="2" conditionals="2" coveredconditionals="2" methods="1" coveredmethods="1"/>
        <line num="20" count="2" type="stmt"/>
        <line num="21" count="22" type="stmt"/>
      </file>
    </package>
    <package name="page">
      <metrics statements="6" coveredstatements="6" conditionals="0" coveredconditionals="0" methods="4" coveredmethods="4"/>
      <file name="page.tsx" path="/Users/iangreenough/Desktop/code/personal/react-storybook-component-demos/src/components/page/page.tsx">
        <metrics statements="6" coveredstatements="6" conditionals="0" coveredconditionals="0" methods="4" coveredmethods="4"/>
        <line num="14" count="1" type="stmt"/>
        <line num="15" count="12" type="stmt"/>
        <line num="17" count="12" type="stmt"/>
        <line num="25" count="2" type="stmt"/>
        <line num="26" count="1" type="stmt"/>
        <line num="27" count="1" type="stmt"/>
      </file>
    </package>
  </project>
</coverage>
