{"/Users/iangreenough/Desktop/code/personal/react-storybook-component-demos/src/components/button/button.tsx": {"path":"/Users/iangreenough/Desktop/code/personal/react-storybook-component-demos/src/components/button/button.tsx","statementMap":{"0":{"start":{"line":20,"column":22},"end":{"line":56,"column":null}},"1":{"start":{"line":33,"column":26},"end":{"line":33,"column":null}},"2":{"start":{"line":34,"column":21},"end":{"line":41,"column":null}},"3":{"start":{"line":43,"column":2},"end":{"line":54,"column":null}}},"fnMap":{"0":{"name":"(anonymous_0)","decl":{"start":{"line":20,"column":22},"end":{"line":20,"column":23}},"loc":{"start":{"line":32,"column":19},"end":{"line":56,"column":null}},"line":32}},"branchMap":{"0":{"loc":{"start":{"line":21,"column":2},"end":{"line":21,"column":null}},"type":"default-arg","locations":[{"start":{"line":21,"column":12},"end":{"line":21,"column":null}}],"line":21},"1":{"loc":{"start":{"line":22,"column":2},"end":{"line":22,"column":null}},"type":"default-arg","locations":[{"start":{"line":22,"column":9},"end":{"line":22,"column":null}}],"line":22},"2":{"loc":{"start":{"line":25,"column":2},"end":{"line":25,"column":null}},"type":"default-arg","locations":[{"start":{"line":25,"column":13},"end":{"line":25,"column":null}}],"line":25},"3":{"loc":{"start":{"line":26,"column":2},"end":{"line":26,"column":null}},"type":"default-arg","locations":[{"start":{"line":26,"column":9},"end":{"line":26,"column":null}}],"line":26}},"s":{"0":3,"1":54,"2":54,"3":54},"f":{"0":54},"b":{"0":[54],"1":[54],"2":[54],"3":[54]},"meta":{"lastBranch":4,"lastFunction":1,"lastStatement":4,"seen":{"s:20:22:56:Infinity":0,"f:20:22:20:23":0,"b:21:12:21:Infinity":0,"b:22:9:22:Infinity":1,"b:25:13:25:Infinity":2,"b:26:9:26:Infinity":3,"s:33:26:33:Infinity":1,"s:34:21:41:Infinity":2,"s:43:2:54:Infinity":3}}}
,"/Users/iangreenough/Desktop/code/personal/react-storybook-component-demos/src/components/header/header.tsx": {"path":"/Users/iangreenough/Desktop/code/personal/react-storybook-component-demos/src/components/header/header.tsx","statementMap":{"0":{"start":{"line":20,"column":22},"end":{"line":76,"column":null}},"1":{"start":{"line":21,"column":2},"end":{"line":76,"column":null}}},"fnMap":{"0":{"name":"(anonymous_0)","decl":{"start":{"line":20,"column":22},"end":{"line":20,"column":23}},"loc":{"start":{"line":21,"column":2},"end":{"line":76,"column":null}},"line":21}},"branchMap":{"0":{"loc":{"start":{"line":50,"column":9},"end":{"line":72,"column":null}},"type":"cond-expr","locations":[{"start":{"line":51,"column":10},"end":{"line":58,"column":null}},{"start":{"line":60,"column":10},"end":{"line":72,"column":null}}],"line":50}},"s":{"0":2,"1":22},"f":{"0":22},"b":{"0":[7,15]},"meta":{"lastBranch":1,"lastFunction":1,"lastStatement":2,"seen":{"s:20:22:76:Infinity":0,"f:20:22:20:23":0,"s:21:2:76:Infinity":1,"b:51:10:58:Infinity:60:10:72:Infinity":0}}}
,"/Users/iangreenough/Desktop/code/personal/react-storybook-component-demos/src/components/page/page.tsx": {"path":"/Users/iangreenough/Desktop/code/personal/react-storybook-component-demos/src/components/page/page.tsx","statementMap":{"0":{"start":{"line":14,"column":41},"end":{"line":102,"column":null}},"1":{"start":{"line":15,"column":22},"end":{"line":15,"column":null}},"2":{"start":{"line":17,"column":2},"end":{"line":100,"column":null}},"3":{"start":{"line":25,"column":23},"end":{"line":25,"column":null}},"4":{"start":{"line":26,"column":24},"end":{"line":26,"column":null}},"5":{"start":{"line":27,"column":31},"end":{"line":27,"column":null}}},"fnMap":{"0":{"name":"(anonymous_0)","decl":{"start":{"line":14,"column":41},"end":{"line":14,"column":42}},"loc":{"start":{"line":14,"column":53},"end":{"line":102,"column":null}},"line":14},"1":{"name":"(anonymous_1)","decl":{"start":{"line":25,"column":17},"end":{"line":25,"column":23}},"loc":{"start":{"line":25,"column":23},"end":{"line":25,"column":null}},"line":25},"2":{"name":"(anonymous_2)","decl":{"start":{"line":26,"column":18},"end":{"line":26,"column":24}},"loc":{"start":{"line":26,"column":24},"end":{"line":26,"column":null}},"line":26},"3":{"name":"(anonymous_3)","decl":{"start":{"line":27,"column":25},"end":{"line":27,"column":31}},"loc":{"start":{"line":27,"column":31},"end":{"line":27,"column":null}},"line":27}},"branchMap":{},"s":{"0":1,"1":12,"2":12,"3":2,"4":1,"5":1},"f":{"0":12,"1":2,"2":1,"3":1},"b":{},"meta":{"lastBranch":0,"lastFunction":4,"lastStatement":6,"seen":{"s:14:41:102:Infinity":0,"f:14:41:14:42":0,"s:15:22:15:Infinity":1,"s:17:2:100:Infinity":2,"f:25:17:25:23":1,"s:25:23:25:Infinity":3,"f:26:18:26:24":2,"s:26:24:26:Infinity":4,"f:27:25:27:31":3,"s:27:31:27:Infinity":5}}}
}
